
2018-08-08 09:18:44...installerHook: Could not find custom/install/install_hooks.php
2018-08-08 09:18:52...installerHook: Could not find custom/install/install_hooks.php
2018-08-08 09:18:54...Begin System Check Process *************
2018-08-08 09:18:54...XML Parsing Support Found
2018-08-08 09:18:54...MBString Support Found
2018-08-08 09:18:54...ZIP Support Found
2018-08-08 09:18:54.../custom directory and subdirectory check passed
2018-08-08 09:18:54...cache directory and subdirectory check passed
2018-08-08 09:18:54.../module  directory and subdirectory check passed
2018-08-08 09:18:54.../upload directory check passed
2018-08-08 09:18:54.../zip check passed
2018-08-08 09:18:54...PCRE version check passed
2018-08-08 09:18:54...installerHook: Could not find custom/install/install_hooks.php
2018-08-08 09:18:54...php.ini location found. /opt/lampp/etc/php.ini
2018-08-08 09:18:54...Outputting HTML for System check
2018-08-08 09:18:54...No Errors were found *************
2018-08-08 09:18:56...installerHook: Could not find custom/install/install_hooks.php
2018-08-08 09:19:06...installerHook: Could not find custom/install/install_hooks.php
2018-08-08 09:19:51...Begin DB Check Process *************
2018-08-08 09:19:51...testing with mysql:mysqli
2018-08-08 09:19:51...Basic form info is valid, continuing Process.
2018-08-08 09:19:51...Testing user account...
2018-08-08 09:19:51...Connection made using  host: localhost, usr: root
2018-08-08 09:19:51...SUCCESS:: no errors detected!
2018-08-08 09:19:51...End DB Check Process *************
2018-08-08 09:19:51...installerHook: Could not find custom/install/install_hooks.php
2018-08-08 09:19:51...calling handleSugarConfig()
2018-08-08 09:19:51...calling handleHtaccess()
2018-08-08 09:19:51...calling handleDbCreateDatabase()
2018-08-08 09:19:51...looping through all the Beans and create their tables
2018-08-08 09:19:51...processing table acl_actions
2018-08-08 09:19:52...creating table acl_actions
2018-08-08 09:19:52...creating Relationship Meta for ACLAction
2018-08-08 09:19:52...processing table acl_roles
2018-08-08 09:19:53...creating table acl_roles
2018-08-08 09:19:53...creating Relationship Meta for ACLRole
2018-08-08 09:19:53...processing table relationships
2018-08-08 09:19:53...creating table relationships
2018-08-08 09:19:53...creating Relationship Meta for Relationship
2018-08-08 09:19:53...processing table leads
2018-08-08 09:19:55...creating table leads
2018-08-08 09:19:55...creating Relationship Meta for Lead
2018-08-08 09:19:56...processing table cases
2018-08-08 09:19:58...creating table cases
2018-08-08 09:19:58...creating Relationship Meta for Case
2018-08-08 09:19:59...processing table bugs
2018-08-08 09:20:00...creating table bugs
2018-08-08 09:20:00...creating Relationship Meta for Bug
2018-08-08 09:20:01...processing table users
2018-08-08 09:20:02...creating table users
2018-08-08 09:20:02...creating Relationship Meta for User
2018-08-08 09:20:02...processing table campaign_log
2018-08-08 09:20:03...creating table campaign_log
2018-08-08 09:20:03...creating Relationship Meta for CampaignLog
2018-08-08 09:20:04...processing table project
2018-08-08 09:20:04...creating table project
2018-08-08 09:20:04...creating Relationship Meta for Project
2018-08-08 09:20:05...processing table project_task
2018-08-08 09:20:07...creating table project_task
2018-08-08 09:20:07...creating Relationship Meta for ProjectTask
2018-08-08 09:20:07...processing table campaigns
2018-08-08 09:20:09...creating table campaigns
2018-08-08 09:20:09...creating Relationship Meta for Campaign
2018-08-08 09:20:10...processing table prospect_lists
2018-08-08 09:20:11...creating table prospect_lists
2018-08-08 09:20:11...creating Relationship Meta for ProspectList
2018-08-08 09:20:11...processing table prospects
2018-08-08 09:20:12...creating table prospects
2018-08-08 09:20:12...creating Relationship Meta for Prospect
2018-08-08 09:20:13...processing table email_marketing
2018-08-08 09:20:14...creating table email_marketing
2018-08-08 09:20:14...creating Relationship Meta for EmailMarketing
2018-08-08 09:20:14...processing table campaign_trkrs
2018-08-08 09:20:14...creating table campaign_trkrs
2018-08-08 09:20:14...creating Relationship Meta for CampaignTracker
2018-08-08 09:20:15...processing table releases
2018-08-08 09:20:15...creating table releases
2018-08-08 09:20:15...creating Relationship Meta for Release
2018-08-08 09:20:15...processing table emailman
2018-08-08 09:20:16...creating table emailman
2018-08-08 09:20:16...creating Relationship Meta for EmailMan
2018-08-08 09:20:16...processing table schedulers
2018-08-08 09:20:16...creating table schedulers
2018-08-08 09:20:16...creating Relationship Meta for Scheduler
2018-08-08 09:20:16...processing table job_queue
2018-08-08 09:20:17...creating table job_queue
2018-08-08 09:20:17...creating Relationship Meta for SchedulersJob
2018-08-08 09:20:17...processing table contacts
2018-08-08 09:20:19...creating table contacts
2018-08-08 09:20:19...creating Relationship Meta for Contact
2018-08-08 09:20:20...processing table accounts
2018-08-08 09:20:22...creating table accounts
2018-08-08 09:20:22...creating Relationship Meta for Account
2018-08-08 09:20:24...processing table opportunities
2018-08-08 09:20:25...creating table opportunities
2018-08-08 09:20:25...creating Relationship Meta for Opportunity
2018-08-08 09:20:26...processing table email_templates
2018-08-08 09:20:27...creating table email_templates
2018-08-08 09:20:27...creating Relationship Meta for EmailTemplate
2018-08-08 09:20:27...processing table notes
2018-08-08 09:20:29...creating table notes
2018-08-08 09:20:29...creating Relationship Meta for Note
2018-08-08 09:20:29...processing table calls
2018-08-08 09:20:30...creating table calls
2018-08-08 09:20:30...creating Relationship Meta for Call
2018-08-08 09:20:30...processing table emails
2018-08-08 09:20:32...creating table emails
2018-08-08 09:20:32...creating Relationship Meta for Email
2018-08-08 09:20:33...processing table meetings
2018-08-08 09:20:34...creating table meetings
2018-08-08 09:20:34...creating Relationship Meta for Meeting
2018-08-08 09:20:34...processing table tasks
2018-08-08 09:20:35...creating table tasks
2018-08-08 09:20:35...creating Relationship Meta for Task
2018-08-08 09:20:36...processing table users
2018-08-08 09:20:36...processing table users
2018-08-08 09:20:36...processing table currencies
2018-08-08 09:20:36...creating table currencies
2018-08-08 09:20:36...creating Relationship Meta for Currency
2018-08-08 09:20:36...processing table tracker
2018-08-08 09:20:37...creating table tracker
2018-08-08 09:20:37...creating Relationship Meta for Tracker
2018-08-08 09:20:37...processing table import_maps
2018-08-08 09:20:38...creating table import_maps
2018-08-08 09:20:38...creating Relationship Meta for ImportMap
2018-08-08 09:20:38...processing table users_last_import
2018-08-08 09:20:38...creating table users_last_import
2018-08-08 09:20:38...creating Relationship Meta for UsersLastImport
2018-08-08 09:20:38...processing table config
2018-08-08 09:20:39...creating table config
2018-08-08 09:20:39...creating Relationship Meta for Administration
2018-08-08 09:20:39...processing table upgrade_history
2018-08-08 09:20:39...creating table upgrade_history
2018-08-08 09:20:39...creating Relationship Meta for UpgradeHistory
2018-08-08 09:20:39...processing table vcals
2018-08-08 09:20:40...creating table vcals
2018-08-08 09:20:40...creating Relationship Meta for vCal
2018-08-08 09:20:40...processing table alerts
2018-08-08 09:20:41...creating table alerts
2018-08-08 09:20:41...creating Relationship Meta for Alert
2018-08-08 09:20:41...processing table roles
2018-08-08 09:20:41...creating table roles
2018-08-08 09:20:41...creating Relationship Meta for Role
2018-08-08 09:20:41...processing table documents
2018-08-08 09:20:43...creating table documents
2018-08-08 09:20:43...creating Relationship Meta for Document
2018-08-08 09:20:43...processing table document_revisions
2018-08-08 09:20:44...creating table document_revisions
2018-08-08 09:20:44...creating Relationship Meta for DocumentRevision
2018-08-08 09:20:44...processing table fields_meta_data
2018-08-08 09:20:45...creating table fields_meta_data
2018-08-08 09:20:45...creating Relationship Meta for FieldsMetaData
2018-08-08 09:20:45...processing table inbound_email
2018-08-08 09:20:45...creating table inbound_email
2018-08-08 09:20:45...creating Relationship Meta for InboundEmail
2018-08-08 09:20:45...processing table saved_search
2018-08-08 09:20:46...creating table saved_search
2018-08-08 09:20:46...creating Relationship Meta for SavedSearch
2018-08-08 09:20:46...processing table user_preferences
2018-08-08 09:20:47...creating table user_preferences
2018-08-08 09:20:47...creating Relationship Meta for UserPreference
2018-08-08 09:20:47...processing table 
2018-08-08 09:20:47...processing table email_addresses
2018-08-08 09:20:47...creating table email_addresses
2018-08-08 09:20:47...creating Relationship Meta for EmailAddress
2018-08-08 09:20:47...processing table emails_text
2018-08-08 09:20:47...creating table emails_text
2018-08-08 09:20:47...creating Relationship Meta for EmailText
2018-08-08 09:20:47...processing table spots
2018-08-08 09:20:48...creating table spots
2018-08-08 09:20:48...creating Relationship Meta for Spots
2018-08-08 09:20:49...processing table aobh_businesshours
2018-08-08 09:20:49...creating table aobh_businesshours
2018-08-08 09:20:49...creating Relationship Meta for AOBH_BusinessHours
2018-08-08 09:20:49...processing table sugarfeed
2018-08-08 09:20:50...creating table sugarfeed
2018-08-08 09:20:50...creating Relationship Meta for SugarFeed
2018-08-08 09:20:50...processing table eapm
2018-08-08 09:20:51...creating table eapm
2018-08-08 09:20:51...creating Relationship Meta for EAPM
2018-08-08 09:20:51...processing table oauth_consumer
2018-08-08 09:20:52...creating table oauth_consumer
2018-08-08 09:20:52...creating Relationship Meta for OAuthKey
2018-08-08 09:20:52...processing table oauth_tokens
2018-08-08 09:20:52...creating table oauth_tokens
2018-08-08 09:20:52...creating Relationship Meta for OAuthToken
2018-08-08 09:20:52...processing table am_projecttemplates
2018-08-08 09:20:54...creating table am_projecttemplates
2018-08-08 09:20:54...creating Relationship Meta for AM_ProjectTemplates
2018-08-08 09:20:54...processing table am_tasktemplates
2018-08-08 09:20:56...creating table am_tasktemplates
2018-08-08 09:20:56...creating Relationship Meta for AM_TaskTemplates
2018-08-08 09:20:56...processing table favorites
2018-08-08 09:20:56...creating table favorites
2018-08-08 09:20:56...creating Relationship Meta for Favorites
2018-08-08 09:20:57...processing table aok_knowledge_base_categories
2018-08-08 09:20:58...creating table aok_knowledge_base_categories
2018-08-08 09:20:58...creating Relationship Meta for AOK_Knowledge_Base_Categories
2018-08-08 09:20:58...processing table aok_knowledgebase
2018-08-08 09:21:00...creating table aok_knowledgebase
2018-08-08 09:21:00...creating Relationship Meta for AOK_KnowledgeBase
2018-08-08 09:21:01...processing table reminders
2018-08-08 09:21:01...creating table reminders
2018-08-08 09:21:01...creating Relationship Meta for Reminder
2018-08-08 09:21:01...processing table reminders_invitees
2018-08-08 09:21:02...creating table reminders_invitees
2018-08-08 09:21:02...creating Relationship Meta for Reminder_Invitee
2018-08-08 09:21:03...processing table fp_events
2018-08-08 09:21:04...creating table fp_events
2018-08-08 09:21:04...creating Relationship Meta for FP_events
2018-08-08 09:21:05...processing table fp_event_locations
2018-08-08 09:21:06...creating table fp_event_locations
2018-08-08 09:21:06...creating Relationship Meta for FP_Event_Locations
2018-08-08 09:21:07...processing table aod_indexevent
2018-08-08 09:21:09...creating table aod_indexevent
2018-08-08 09:21:09...creating Relationship Meta for AOD_IndexEvent
2018-08-08 09:21:09...processing table aod_index
2018-08-08 09:21:10...creating table aod_index
2018-08-08 09:21:10...creating Relationship Meta for AOD_Index
2018-08-08 09:21:11...processing table aop_case_events
2018-08-08 09:21:12...creating table aop_case_events
2018-08-08 09:21:12...creating Relationship Meta for AOP_Case_Events
2018-08-08 09:21:12...processing table aop_case_updates
2018-08-08 09:21:14...creating table aop_case_updates
2018-08-08 09:21:14...creating Relationship Meta for AOP_Case_Updates
2018-08-08 09:21:15...processing table aor_reports
2018-08-08 09:21:16...creating table aor_reports
2018-08-08 09:21:16...creating Relationship Meta for AOR_Report
2018-08-08 09:21:17...processing table aor_fields
2018-08-08 09:21:17...creating table aor_fields
2018-08-08 09:21:17...creating Relationship Meta for AOR_Field
2018-08-08 09:21:17...processing table aor_charts
2018-08-08 09:21:18...creating table aor_charts
2018-08-08 09:21:18...creating Relationship Meta for AOR_Chart
2018-08-08 09:21:18...processing table aor_conditions
2018-08-08 09:21:19...creating table aor_conditions
2018-08-08 09:21:19...creating Relationship Meta for AOR_Condition
2018-08-08 09:21:19...processing table aor_scheduled_reports
2018-08-08 09:21:20...creating table aor_scheduled_reports
2018-08-08 09:21:20...creating Relationship Meta for AOR_Scheduled_Reports
2018-08-08 09:21:20...processing table aos_contracts
2018-08-08 09:21:22...creating table aos_contracts
2018-08-08 09:21:22...creating Relationship Meta for AOS_Contracts
2018-08-08 09:21:23...processing table aos_invoices
2018-08-08 09:21:24...creating table aos_invoices
2018-08-08 09:21:24...creating Relationship Meta for AOS_Invoices
2018-08-08 09:21:25...processing table aos_pdf_templates
2018-08-08 09:21:27...creating table aos_pdf_templates
2018-08-08 09:21:27...creating Relationship Meta for AOS_PDF_Templates
2018-08-08 09:21:27...processing table aos_product_categories
2018-08-08 09:21:28...creating table aos_product_categories
2018-08-08 09:21:28...creating Relationship Meta for AOS_Product_Categories
2018-08-08 09:21:29...processing table aos_products
2018-08-08 09:21:30...creating table aos_products
2018-08-08 09:21:30...creating Relationship Meta for AOS_Products
2018-08-08 09:21:31...processing table aos_products_quotes
2018-08-08 09:21:32...creating table aos_products_quotes
2018-08-08 09:21:32...creating Relationship Meta for AOS_Products_Quotes
2018-08-08 09:21:32...processing table aos_line_item_groups
2018-08-08 09:21:33...creating table aos_line_item_groups
2018-08-08 09:21:33...creating Relationship Meta for AOS_Line_Item_Groups
2018-08-08 09:21:34...processing table aos_quotes
2018-08-08 09:21:36...creating table aos_quotes
2018-08-08 09:21:36...creating Relationship Meta for AOS_Quotes
2018-08-08 09:21:36...processing table aow_actions
2018-08-08 09:21:37...creating table aow_actions
2018-08-08 09:21:37...creating Relationship Meta for AOW_Action
2018-08-08 09:21:37...processing table aow_workflow
2018-08-08 09:21:39...creating table aow_workflow
2018-08-08 09:21:39...creating Relationship Meta for AOW_WorkFlow
2018-08-08 09:21:39...processing table aow_processed
2018-08-08 09:21:40...creating table aow_processed
2018-08-08 09:21:40...creating Relationship Meta for AOW_Processed
2018-08-08 09:21:41...processing table aow_conditions
2018-08-08 09:21:41...creating table aow_conditions
2018-08-08 09:21:41...creating Relationship Meta for AOW_Condition
2018-08-08 09:21:41...processing table jjwg_maps
2018-08-08 09:21:43...creating table jjwg_maps
2018-08-08 09:21:43...creating Relationship Meta for jjwg_Maps
2018-08-08 09:21:44...processing table jjwg_markers
2018-08-08 09:21:46...creating table jjwg_markers
2018-08-08 09:21:46...creating Relationship Meta for jjwg_Markers
2018-08-08 09:21:46...processing table jjwg_areas
2018-08-08 09:21:48...creating table jjwg_areas
2018-08-08 09:21:48...creating Relationship Meta for jjwg_Areas
2018-08-08 09:21:48...processing table jjwg_address_cache
2018-08-08 09:21:50...creating table jjwg_address_cache
2018-08-08 09:21:50...creating Relationship Meta for jjwg_Address_Cache
2018-08-08 09:21:50...processing table calls_reschedule
2018-08-08 09:21:52...creating table calls_reschedule
2018-08-08 09:21:52...creating Relationship Meta for Calls_Reschedule
2018-08-08 09:21:52...processing table securitygroups
2018-08-08 09:21:53...creating table securitygroups
2018-08-08 09:21:53...creating Relationship Meta for SecurityGroup
2018-08-08 09:21:54...processing table outbound_email
2018-08-08 09:21:55...creating table outbound_email
2018-08-08 09:21:55...creating Relationship Meta for OutboundEmailAccounts
2018-08-08 09:21:55...processing table templatesectionline
2018-08-08 09:21:56...creating table templatesectionline
2018-08-08 09:21:56...creating Relationship Meta for TemplateSectionLine
2018-08-08 09:22:50...Begin creating Defaults
2018-08-08 09:22:50...insert defaults into config table
2018-08-08 09:22:51...Creating default users
2018-08-08 09:22:51...Creating default scheduler jobs
2018-08-08 09:22:52...Enable SugarFeeds
2018-08-08 09:22:53...Installation has completed *********
2018-08-08 09:23:53...populating the db with seed data
2018-08-08 09:23:53...Save configuration settings..
2018-08-08 09:23:53...save locale
2018-08-08 09:23:53...new Administration
2018-08-08 09:23:53...retrieveSettings
2018-08-08 09:23:53...AdminWizard OFF
2018-08-08 09:23:53...saveConfig
2018-08-08 09:23:53...new Configurator
2018-08-08 09:23:53...populateFromPost
2018-08-08 09:23:53...handleOverride
2018-08-08 09:23:53...addCronAllowedUser
2018-08-08 09:23:53...saveConfig
2018-08-08 09:23:53...new Currency
2018-08-08 09:23:53...retrieve
2018-08-08 09:23:53...DBG: save currency
2018-08-08 09:23:53...Save user settings..
2018-08-08 09:23:54...DBG: SugarThemeRegistry::getDefault
2018-08-08 09:23:54...DBG: require modules/Users/Save.php